{"meta": {"format": 3, "version": "7.8.0", "timestamp": "2025-09-12T20:27:31.732388", "branch_coverage": false, "show_contexts": false}, "files": {"specpulse\\cli\\main.py": {"executed_lines": [2, 6, 7, 8, 9, 10, 11, 12, 13, 15, 16, 17, 18, 19, 22, 23, 24, 25, 26, 28, 35, 36, 37, 38, 39, 41, 42, 43, 45, 50, 51, 52, 55, 56, 58, 61, 77, 78, 80, 81, 82, 83, 84, 87, 156, 157, 158, 159, 162, 165, 168, 171, 174, 176, 177, 178, 179, 181, 183, 185, 188, 189, 190, 193, 194, 195, 198, 199, 200, 202, 204, 206, 209, 210, 211, 214, 215, 216, 219, 220, 221, 223, 225, 227, 228, 231, 232, 234, 235, 236, 237, 240, 241, 242, 246, 248, 251, 253, 257, 258, 261, 262, 264, 265, 266, 267, 268, 271, 272, 274, 275, 276, 277, 278, 280, 283, 290, 292, 324, 325, 327, 330, 333, 339, 341, 390, 392, 393, 395, 398, 399, 400, 412, 413, 414, 415, 418, 420, 422, 427, 428, 430, 431, 434, 436, 437, 442, 443, 444, 622, 624, 625, 627, 628, 631, 632, 633, 634, 635, 637, 638, 641, 642, 644, 645, 646, 649, 650, 651, 652, 655, 656, 666, 669, 670, 672, 674, 676, 677, 681, 682, 683, 684, 687, 688, 689, 697, 699, 700, 702, 705, 706, 707, 708, 709, 710, 715, 716, 717, 718, 719, 724, 725, 726, 727, 728, 733, 734, 735, 736, 737, 738, 741, 742, 747, 750, 751, 752, 753, 758, 759, 762, 769, 770, 771, 775, 778, 846], "summary": {"covered_lines": 226, "num_statements": 382, "percent_covered": 59.16230366492147, "percent_covered_display": "59", "missing_lines": 156, "excluded_lines": 2}, "missing_lines": [47, 48, 243, 244, 249, 281, 343, 344, 346, 347, 349, 350, 351, 353, 354, 357, 358, 359, 361, 362, 363, 364, 365, 368, 369, 370, 373, 374, 376, 377, 380, 386, 388, 401, 402, 403, 404, 405, 406, 408, 409, 440, 446, 447, 449, 450, 451, 454, 456, 457, 460, 461, 464, 466, 468, 470, 472, 473, 474, 475, 476, 479, 487, 489, 491, 495, 514, 515, 516, 518, 520, 521, 524, 527, 550, 551, 552, 554, 556, 557, 560, 563, 582, 583, 584, 587, 608, 609, 610, 612, 613, 616, 617, 618, 620, 657, 658, 661, 662, 664, 678, 679, 685, 691, 692, 693, 695, 712, 721, 730, 739, 744, 755, 756, 773, 780, 784, 787, 788, 789, 790, 791, 794, 797, 798, 799, 800, 803, 804, 805, 806, 807, 810, 813, 816, 817, 818, 820, 822, 825, 826, 827, 828, 829, 830, 831, 832, 833, 834, 835, 836, 839, 840, 841, 842, 843], "excluded_lines": [846, 847], "functions": {"SpecPulseCLI.__init__": {"executed_lines": [24, 25, 26], "summary": {"covered_lines": 3, "num_statements": 3, "percent_covered": 100.0, "percent_covered_display": "100", "missing_lines": 0, "excluded_lines": 0}, "missing_lines": [], "excluded_lines": []}, "SpecPulseCLI.init": {"executed_lines": [35, 36, 37, 38, 39, 41, 42, 43, 45, 50, 51, 52, 55, 56, 58, 61, 77, 78, 80, 81, 82, 83, 84, 87, 156, 157, 158, 159, 162, 165, 168, 171, 174, 176, 177, 178, 179, 181], "summary": {"covered_lines": 38, "num_statements": 40, "percent_covered": 95.0, "percent_covered_display": "95", "missing_lines": 2, "excluded_lines": 0}, "missing_lines": [47, 48], "excluded_lines": []}, "SpecPulseCLI._create_templates": {"executed_lines": [185, 188, 189, 190, 193, 194, 195, 198, 199, 200, 202], "summary": {"covered_lines": 11, "num_statements": 11, "percent_covered": 100.0, "percent_covered_display": "100", "missing_lines": 0, "excluded_lines": 0}, "missing_lines": [], "excluded_lines": []}, "SpecPulseCLI._create_memory_files": {"executed_lines": [206, 209, 210, 211, 214, 215, 216, 219, 220, 221, 223], "summary": {"covered_lines": 11, "num_statements": 11, "percent_covered": 100.0, "percent_covered_display": "100", "missing_lines": 0, "excluded_lines": 0}, "missing_lines": [], "excluded_lines": []}, "SpecPulseCLI._create_scripts": {"executed_lines": [227, 228, 231, 232, 234, 235, 236, 237, 240, 241, 242, 246, 248, 251], "summary": {"covered_lines": 14, "num_statements": 17, "percent_covered": 82.3529411764706, "percent_covered_display": "82", "missing_lines": 3, "excluded_lines": 0}, "missing_lines": [243, 244, 249], "excluded_lines": []}, "SpecPulseCLI._create_ai_commands": {"executed_lines": [257, 258, 261, 262, 264, 265, 266, 267, 268, 271, 272, 274, 275, 276, 277, 278, 280, 283], "summary": {"covered_lines": 18, "num_statements": 19, "percent_covered": 94.73684210526316, "percent_covered_display": "95", "missing_lines": 1, "excluded_lines": 0}, "missing_lines": [281], "excluded_lines": []}, "SpecPulseCLI._create_manifest": {"executed_lines": [292, 324, 325, 327, 330, 333, 339], "summary": {"covered_lines": 7, "num_statements": 7, "percent_covered": 100.0, "percent_covered_display": "100", "missing_lines": 0, "excluded_lines": 0}, "missing_lines": [], "excluded_lines": []}, "SpecPulseCLI.update": {"executed_lines": [], "summary": {"covered_lines": 0, "num_statements": 27, "percent_covered": 0.0, "percent_covered_display": "0", "missing_lines": 27, "excluded_lines": 0}, "missing_lines": [343, 344, 346, 347, 349, 350, 351, 353, 354, 357, 358, 359, 361, 362, 363, 364, 365, 368, 369, 370, 373, 374, 376, 377, 380, 386, 388], "excluded_lines": []}, "SpecPulseCLI.validate": {"executed_lines": [392, 393, 395, 398, 399, 400, 412, 413, 414, 415, 418, 420], "summary": {"covered_lines": 12, "num_statements": 20, "percent_covered": 60.0, "percent_covered_display": "60", "missing_lines": 8, "excluded_lines": 0}, "missing_lines": [401, 402, 403, 404, 405, 406, 408, 409], "excluded_lines": []}, "SpecPulseCLI.decompose": {"executed_lines": [427, 428, 430, 431, 434, 436, 437, 442, 443, 444], "summary": {"covered_lines": 10, "num_statements": 64, "percent_covered": 15.625, "percent_covered_display": "16", "missing_lines": 54, "excluded_lines": 0}, "missing_lines": [440, 446, 447, 449, 450, 451, 454, 456, 457, 460, 461, 464, 466, 468, 470, 472, 473, 474, 475, 476, 479, 487, 489, 491, 495, 514, 515, 516, 518, 520, 521, 524, 527, 550, 551, 552, 554, 556, 557, 560, 563, 582, 583, 584, 587, 608, 609, 610, 612, 613, 616, 617, 618, 620], "excluded_lines": []}, "SpecPulseCLI.sync": {"executed_lines": [624, 625, 627, 628, 631, 632, 633, 634, 635, 637, 638, 641, 642, 644, 645, 646, 649, 650, 651, 652, 655, 656, 666, 669, 670, 672], "summary": {"covered_lines": 26, "num_statements": 31, "percent_covered": 83.87096774193549, "percent_covered_display": "84", "missing_lines": 5, "excluded_lines": 0}, "missing_lines": [657, 658, 661, 662, 664], "excluded_lines": []}, "SpecPulseCLI.list_specs": {"executed_lines": [676, 677, 681, 682, 683, 684, 687, 688, 689], "summary": {"covered_lines": 9, "num_statements": 16, "percent_covered": 56.25, "percent_covered_display": "56", "missing_lines": 7, "excluded_lines": 0}, "missing_lines": [678, 679, 685, 691, 692, 693, 695], "excluded_lines": []}, "SpecPulseCLI.doctor": {"executed_lines": [699, 700, 702, 705, 706, 707, 708, 709, 710, 715, 716, 717, 718, 719, 724, 725, 726, 727, 728, 733, 734, 735, 736, 737, 738, 741, 742, 747, 750, 751, 752, 753, 758, 759, 762, 769, 770, 771, 775], "summary": {"covered_lines": 39, "num_statements": 47, "percent_covered": 82.97872340425532, "percent_covered_display": "83", "missing_lines": 8, "excluded_lines": 0}, "missing_lines": [712, 721, 730, 739, 744, 755, 756, 773], "excluded_lines": []}, "main": {"executed_lines": [], "summary": {"covered_lines": 0, "num_statements": 41, "percent_covered": 0.0, "percent_covered_display": "0", "missing_lines": 41, "excluded_lines": 0}, "missing_lines": [780, 784, 787, 788, 789, 790, 791, 794, 797, 798, 799, 800, 803, 804, 805, 806, 807, 810, 813, 816, 817, 818, 820, 822, 825, 826, 827, 828, 829, 830, 831, 832, 833, 834, 835, 836, 839, 840, 841, 842, 843], "excluded_lines": []}, "": {"executed_lines": [2, 6, 7, 8, 9, 10, 11, 12, 13, 15, 16, 17, 18, 19, 22, 23, 28, 183, 204, 225, 253, 290, 341, 390, 422, 622, 674, 697, 778, 846], "summary": {"covered_lines": 28, "num_statements": 28, "percent_covered": 100.0, "percent_covered_display": "100", "missing_lines": 0, "excluded_lines": 2}, "missing_lines": [], "excluded_lines": [846, 847]}}, "classes": {"SpecPulseCLI": {"executed_lines": [24, 25, 26, 35, 36, 37, 38, 39, 41, 42, 43, 45, 50, 51, 52, 55, 56, 58, 61, 77, 78, 80, 81, 82, 83, 84, 87, 156, 157, 158, 159, 162, 165, 168, 171, 174, 176, 177, 178, 179, 181, 185, 188, 189, 190, 193, 194, 195, 198, 199, 200, 202, 206, 209, 210, 211, 214, 215, 216, 219, 220, 221, 223, 227, 228, 231, 232, 234, 235, 236, 237, 240, 241, 242, 246, 248, 251, 257, 258, 261, 262, 264, 265, 266, 267, 268, 271, 272, 274, 275, 276, 277, 278, 280, 283, 292, 324, 325, 327, 330, 333, 339, 392, 393, 395, 398, 399, 400, 412, 413, 414, 415, 418, 420, 427, 428, 430, 431, 434, 436, 437, 442, 443, 444, 624, 625, 627, 628, 631, 632, 633, 634, 635, 637, 638, 641, 642, 644, 645, 646, 649, 650, 651, 652, 655, 656, 666, 669, 670, 672, 676, 677, 681, 682, 683, 684, 687, 688, 689, 699, 700, 702, 705, 706, 707, 708, 709, 710, 715, 716, 717, 718, 719, 724, 725, 726, 727, 728, 733, 734, 735, 736, 737, 738, 741, 742, 747, 750, 751, 752, 753, 758, 759, 762, 769, 770, 771, 775], "summary": {"covered_lines": 198, "num_statements": 313, "percent_covered": 63.25878594249201, "percent_covered_display": "63", "missing_lines": 115, "excluded_lines": 0}, "missing_lines": [47, 48, 243, 244, 249, 281, 343, 344, 346, 347, 349, 350, 351, 353, 354, 357, 358, 359, 361, 362, 363, 364, 365, 368, 369, 370, 373, 374, 376, 377, 380, 386, 388, 401, 402, 403, 404, 405, 406, 408, 409, 440, 446, 447, 449, 450, 451, 454, 456, 457, 460, 461, 464, 466, 468, 470, 472, 473, 474, 475, 476, 479, 487, 489, 491, 495, 514, 515, 516, 518, 520, 521, 524, 527, 550, 551, 552, 554, 556, 557, 560, 563, 582, 583, 584, 587, 608, 609, 610, 612, 613, 616, 617, 618, 620, 657, 658, 661, 662, 664, 678, 679, 685, 691, 692, 693, 695, 712, 721, 730, 739, 744, 755, 756, 773], "excluded_lines": []}, "": {"executed_lines": [2, 6, 7, 8, 9, 10, 11, 12, 13, 15, 16, 17, 18, 19, 22, 23, 28, 183, 204, 225, 253, 290, 341, 390, 422, 622, 674, 697, 778, 846], "summary": {"covered_lines": 28, "num_statements": 69, "percent_covered": 40.57971014492754, "percent_covered_display": "41", "missing_lines": 41, "excluded_lines": 2}, "missing_lines": [780, 784, 787, 788, 789, 790, 791, 794, 797, 798, 799, 800, 803, 804, 805, 806, 807, 810, 813, 816, 817, 818, 820, 822, 825, 826, 827, 828, 829, 830, 831, 832, 833, 834, 835, 836, 839, 840, 841, 842, 843], "excluded_lines": [846, 847]}}}, "specpulse\\core\\specpulse.py": {"executed_lines": [1, 5, 6, 7, 8, 9, 10, 14, 15, 17, 18, 19, 21, 23, 24, 34, 36, 37, 40, 42, 44, 45, 49, 126, 128, 129, 133, 326, 328, 329, 330, 331, 416, 418, 419, 420, 421, 496, 498, 499, 500, 501, 540, 570, 572, 573, 574, 575, 595, 649, 692, 739, 789, 840, 868, 951, 959, 967, 975, 984, 992, 1000, 1008, 1016], "summary": {"covered_lines": 62, "num_statements": 151, "percent_covered": 41.05960264900662, "percent_covered_display": "41", "missing_lines": 89, "excluded_lines": 0}, "missing_lines": [25, 26, 28, 29, 30, 32, 38, 39, 46, 47, 130, 131, 333, 423, 503, 542, 548, 549, 551, 552, 553, 556, 557, 568, 577, 597, 598, 599, 600, 602, 651, 652, 653, 654, 656, 694, 695, 696, 697, 699, 741, 742, 743, 744, 746, 791, 842, 870, 953, 954, 955, 956, 957, 961, 962, 963, 964, 965, 969, 970, 971, 972, 973, 977, 978, 979, 980, 981, 986, 987, 988, 989, 990, 994, 995, 996, 997, 998, 1002, 1003, 1004, 1005, 1006, 1010, 1011, 1012, 1013, 1014, 1018], "excluded_lines": [], "functions": {"SpecPulse.__init__": {"executed_lines": [18, 19, 21, 23, 24], "summary": {"covered_lines": 5, "num_statements": 11, "percent_covered": 45.45454545454545, "percent_covered_display": "45", "missing_lines": 6, "excluded_lines": 0}, "missing_lines": [25, 26, 28, 29, 30, 32], "excluded_lines": []}, "SpecPulse._load_config": {"executed_lines": [36, 37, 40], "summary": {"covered_lines": 3, "num_statements": 5, "percent_covered": 60.0, "percent_covered_display": "60", "missing_lines": 2, "excluded_lines": 0}, "missing_lines": [38, 39], "excluded_lines": []}, "SpecPulse.get_spec_template": {"executed_lines": [44, 45, 49], "summary": {"covered_lines": 3, "num_statements": 5, "percent_covered": 60.0, "percent_covered_display": "60", "missing_lines": 2, "excluded_lines": 0}, "missing_lines": [46, 47], "excluded_lines": []}, "SpecPulse.get_plan_template": {"executed_lines": [128, 129, 133], "summary": {"covered_lines": 3, "num_statements": 5, "percent_covered": 60.0, "percent_covered_display": "60", "missing_lines": 2, "excluded_lines": 0}, "missing_lines": [130, 131], "excluded_lines": []}, "SpecPulse.get_task_template": {"executed_lines": [328, 329, 330, 331], "summary": {"covered_lines": 4, "num_statements": 5, "percent_covered": 80.0, "percent_covered_display": "80", "missing_lines": 1, "excluded_lines": 0}, "missing_lines": [333], "excluded_lines": []}, "SpecPulse.get_constitution_template": {"executed_lines": [418, 419, 420, 421], "summary": {"covered_lines": 4, "num_statements": 5, "percent_covered": 80.0, "percent_covered_display": "80", "missing_lines": 1, "excluded_lines": 0}, "missing_lines": [423], "excluded_lines": []}, "SpecPulse.get_context_template": {"executed_lines": [498, 499, 500, 501], "summary": {"covered_lines": 4, "num_statements": 5, "percent_covered": 80.0, "percent_covered_display": "80", "missing_lines": 1, "excluded_lines": 0}, "missing_lines": [503], "excluded_lines": []}, "SpecPulse.get_decomposition_template": {"executed_lines": [], "summary": {"covered_lines": 0, "num_statements": 9, "percent_covered": 0.0, "percent_covered_display": "0", "missing_lines": 9, "excluded_lines": 0}, "missing_lines": [542, 548, 549, 551, 552, 553, 556, 557, 568], "excluded_lines": []}, "SpecPulse.get_decisions_template": {"executed_lines": [572, 573, 574, 575], "summary": {"covered_lines": 4, "num_statements": 5, "percent_covered": 80.0, "percent_covered_display": "80", "missing_lines": 1, "excluded_lines": 0}, "missing_lines": [577], "excluded_lines": []}, "SpecPulse.get_setup_script": {"executed_lines": [], "summary": {"covered_lines": 0, "num_statements": 5, "percent_covered": 0.0, "percent_covered_display": "0", "missing_lines": 5, "excluded_lines": 0}, "missing_lines": [597, 598, 599, 600, 602], "excluded_lines": []}, "SpecPulse.get_spec_script": {"executed_lines": [], "summary": {"covered_lines": 0, "num_statements": 5, "percent_covered": 0.0, "percent_covered_display": "0", "missing_lines": 5, "excluded_lines": 0}, "missing_lines": [651, 652, 653, 654, 656], "excluded_lines": []}, "SpecPulse.get_plan_script": {"executed_lines": [], "summary": {"covered_lines": 0, "num_statements": 5, "percent_covered": 0.0, "percent_covered_display": "0", "missing_lines": 5, "excluded_lines": 0}, "missing_lines": [694, 695, 696, 697, 699], "excluded_lines": []}, "SpecPulse.get_task_script": {"executed_lines": [], "summary": {"covered_lines": 0, "num_statements": 5, "percent_covered": 0.0, "percent_covered_display": "0", "missing_lines": 5, "excluded_lines": 0}, "missing_lines": [741, 742, 743, 744, 746], "excluded_lines": []}, "SpecPulse.get_validate_script": {"executed_lines": [], "summary": {"covered_lines": 0, "num_statements": 1, "percent_covered": 0.0, "percent_covered_display": "0", "missing_lines": 1, "excluded_lines": 0}, "missing_lines": [791], "excluded_lines": []}, "SpecPulse.get_generate_script": {"executed_lines": [], "summary": {"covered_lines": 0, "num_statements": 1, "percent_covered": 0.0, "percent_covered_display": "0", "missing_lines": 1, "excluded_lines": 0}, "missing_lines": [842], "excluded_lines": []}, "SpecPulse.get_claude_instructions": {"executed_lines": [], "summary": {"covered_lines": 0, "num_statements": 1, "percent_covered": 0.0, "percent_covered_display": "0", "missing_lines": 1, "excluded_lines": 0}, "missing_lines": [870], "excluded_lines": []}, "SpecPulse.get_claude_pulse_command": {"executed_lines": [], "summary": {"covered_lines": 0, "num_statements": 5, "percent_covered": 0.0, "percent_covered_display": "0", "missing_lines": 5, "excluded_lines": 0}, "missing_lines": [953, 954, 955, 956, 957], "excluded_lines": []}, "SpecPulse.get_claude_spec_command": {"executed_lines": [], "summary": {"covered_lines": 0, "num_statements": 5, "percent_covered": 0.0, "percent_covered_display": "0", "missing_lines": 5, "excluded_lines": 0}, "missing_lines": [961, 962, 963, 964, 965], "excluded_lines": []}, "SpecPulse.get_claude_plan_command": {"executed_lines": [], "summary": {"covered_lines": 0, "num_statements": 5, "percent_covered": 0.0, "percent_covered_display": "0", "missing_lines": 5, "excluded_lines": 0}, "missing_lines": [969, 970, 971, 972, 973], "excluded_lines": []}, "SpecPulse.get_claude_task_command": {"executed_lines": [], "summary": {"covered_lines": 0, "num_statements": 5, "percent_covered": 0.0, "percent_covered_display": "0", "missing_lines": 5, "excluded_lines": 0}, "missing_lines": [977, 978, 979, 980, 981], "excluded_lines": []}, "SpecPulse.get_gemini_pulse_command": {"executed_lines": [], "summary": {"covered_lines": 0, "num_statements": 5, "percent_covered": 0.0, "percent_covered_display": "0", "missing_lines": 5, "excluded_lines": 0}, "missing_lines": [986, 987, 988, 989, 990], "excluded_lines": []}, "SpecPulse.get_gemini_spec_command": {"executed_lines": [], "summary": {"covered_lines": 0, "num_statements": 5, "percent_covered": 0.0, "percent_covered_display": "0", "missing_lines": 5, "excluded_lines": 0}, "missing_lines": [994, 995, 996, 997, 998], "excluded_lines": []}, "SpecPulse.get_gemini_plan_command": {"executed_lines": [], "summary": {"covered_lines": 0, "num_statements": 5, "percent_covered": 0.0, "percent_covered_display": "0", "missing_lines": 5, "excluded_lines": 0}, "missing_lines": [1002, 1003, 1004, 1005, 1006], "excluded_lines": []}, "SpecPulse.get_gemini_task_command": {"executed_lines": [], "summary": {"covered_lines": 0, "num_statements": 5, "percent_covered": 0.0, "percent_covered_display": "0", "missing_lines": 5, "excluded_lines": 0}, "missing_lines": [1010, 1011, 1012, 1013, 1014], "excluded_lines": []}, "SpecPulse.get_gemini_instructions": {"executed_lines": [], "summary": {"covered_lines": 0, "num_statements": 1, "percent_covered": 0.0, "percent_covered_display": "0", "missing_lines": 1, "excluded_lines": 0}, "missing_lines": [1018], "excluded_lines": []}, "": {"executed_lines": [1, 5, 6, 7, 8, 9, 10, 14, 15, 17, 34, 42, 126, 326, 416, 496, 540, 570, 595, 649, 692, 739, 789, 840, 868, 951, 959, 967, 975, 984, 992, 1000, 1008, 1016], "summary": {"covered_lines": 32, "num_statements": 32, "percent_covered": 100.0, "percent_covered_display": "100", "missing_lines": 0, "excluded_lines": 0}, "missing_lines": [], "excluded_lines": []}}, "classes": {"SpecPulse": {"executed_lines": [18, 19, 21, 23, 24, 36, 37, 40, 44, 45, 49, 128, 129, 133, 328, 329, 330, 331, 418, 419, 420, 421, 498, 499, 500, 501, 572, 573, 574, 575], "summary": {"covered_lines": 30, "num_statements": 119, "percent_covered": 25.210084033613445, "percent_covered_display": "25", "missing_lines": 89, "excluded_lines": 0}, "missing_lines": [25, 26, 28, 29, 30, 32, 38, 39, 46, 47, 130, 131, 333, 423, 503, 542, 548, 549, 551, 552, 553, 556, 557, 568, 577, 597, 598, 599, 600, 602, 651, 652, 653, 654, 656, 694, 695, 696, 697, 699, 741, 742, 743, 744, 746, 791, 842, 870, 953, 954, 955, 956, 957, 961, 962, 963, 964, 965, 969, 970, 971, 972, 973, 977, 978, 979, 980, 981, 986, 987, 988, 989, 990, 994, 995, 996, 997, 998, 1002, 1003, 1004, 1005, 1006, 1010, 1011, 1012, 1013, 1014, 1018], "excluded_lines": []}, "": {"executed_lines": [1, 5, 6, 7, 8, 9, 10, 14, 15, 17, 34, 42, 126, 326, 416, 496, 540, 570, 595, 649, 692, 739, 789, 840, 868, 951, 959, 967, 975, 984, 992, 1000, 1008, 1016], "summary": {"covered_lines": 32, "num_statements": 32, "percent_covered": 100.0, "percent_covered_display": "100", "missing_lines": 0, "excluded_lines": 0}, "missing_lines": [], "excluded_lines": []}}}, "specpulse\\core\\validator.py": {"executed_lines": [1, 5, 6, 7, 8, 11, 12, 14, 15, 16, 17, 19, 22, 24, 27, 30, 33, 36, 38, 40, 72, 104, 110, 112, 120, 121, 122, 123, 128, 134, 135, 136, 141, 146, 202, 250, 252, 253, 254, 255, 262, 263, 268, 270, 271, 272, 273, 280, 281, 286, 288, 290, 291, 295, 297, 298, 301, 309, 310, 311, 317, 323, 324, 325, 326, 328, 329, 339, 347, 360, 365, 384, 403, 420, 436, 445, 474], "summary": {"covered_lines": 75, "num_statements": 260, "percent_covered": 28.846153846153847, "percent_covered_display": "29", "missing_lines": 185, "excluded_lines": 0}, "missing_lines": [20, 43, 45, 46, 47, 51, 53, 54, 55, 56, 58, 64, 65, 66, 67, 68, 70, 75, 77, 78, 79, 83, 85, 86, 87, 88, 90, 96, 97, 98, 99, 100, 102, 106, 107, 108, 148, 149, 151, 154, 160, 161, 162, 163, 165, 166, 168, 169, 170, 171, 172, 177, 182, 188, 189, 190, 191, 192, 197, 204, 205, 207, 210, 216, 217, 218, 219, 221, 222, 224, 225, 226, 227, 228, 233, 238, 244, 245, 256, 257, 258, 259, 260, 274, 275, 276, 277, 278, 312, 334, 341, 342, 343, 345, 349, 350, 353, 354, 355, 356, 357, 358, 362, 363, 367, 368, 370, 371, 374, 375, 376, 377, 379, 380, 382, 386, 387, 389, 390, 393, 394, 395, 396, 398, 399, 401, 405, 406, 408, 409, 412, 413, 415, 416, 418, 422, 424, 425, 428, 429, 431, 432, 434, 439, 440, 441, 442, 443, 447, 455, 456, 457, 458, 461, 462, 463, 464, 467, 468, 469, 470, 472, 476, 479, 480, 481, 482, 483, 484, 485, 488, 489, 490, 491, 492, 493, 494, 497, 498, 499, 500, 501, 502, 503, 505], "excluded_lines": [], "functions": {"Validator.__init__": {"executed_lines": [15, 16, 17, 19], "summary": {"covered_lines": 4, "num_statements": 5, "percent_covered": 80.0, "percent_covered_display": "80", "missing_lines": 1, "excluded_lines": 0}, "missing_lines": [20], "excluded_lines": []}, "Validator.validate_all": {"executed_lines": [24, 27, 30, 33, 36, 38], "summary": {"covered_lines": 6, "num_statements": 6, "percent_covered": 100.0, "percent_covered_display": "100", "missing_lines": 0, "excluded_lines": 0}, "missing_lines": [], "excluded_lines": []}, "Validator.validate_spec": {"executed_lines": [], "summary": {"covered_lines": 0, "num_statements": 11, "percent_covered": 0.0, "percent_covered_display": "0", "missing_lines": 11, "excluded_lines": 0}, "missing_lines": [367, 368, 370, 371, 374, 375, 376, 377, 379, 380, 382], "excluded_lines": []}, "Validator.validate_plan": {"executed_lines": [], "summary": {"covered_lines": 0, "num_statements": 11, "percent_covered": 0.0, "percent_covered_display": "0", "missing_lines": 11, "excluded_lines": 0}, "missing_lines": [386, 387, 389, 390, 393, 394, 395, 396, 398, 399, 401], "excluded_lines": []}, "Validator.validate_constitution": {"executed_lines": [], "summary": {"covered_lines": 0, "num_statements": 3, "percent_covered": 0.0, "percent_covered_display": "0", "missing_lines": 3, "excluded_lines": 0}, "missing_lines": [106, 107, 108], "excluded_lines": []}, "Validator._validate_structure": {"executed_lines": [112, 120, 121, 122, 123, 128, 134, 135, 136, 141], "summary": {"covered_lines": 10, "num_statements": 10, "percent_covered": 100.0, "percent_covered_display": "100", "missing_lines": 0, "excluded_lines": 0}, "missing_lines": [], "excluded_lines": []}, "Validator._validate_single_spec": {"executed_lines": [], "summary": {"covered_lines": 0, "num_statements": 23, "percent_covered": 0.0, "percent_covered_display": "0", "missing_lines": 23, "excluded_lines": 0}, "missing_lines": [148, 149, 151, 154, 160, 161, 162, 163, 165, 166, 168, 169, 170, 171, 172, 177, 182, 188, 189, 190, 191, 192, 197], "excluded_lines": []}, "Validator._validate_single_plan": {"executed_lines": [], "summary": {"covered_lines": 0, "num_statements": 19, "percent_covered": 0.0, "percent_covered_display": "0", "missing_lines": 19, "excluded_lines": 0}, "missing_lines": [204, 205, 207, 210, 216, 217, 218, 219, 221, 222, 224, 225, 226, 227, 228, 233, 238, 244, 245], "excluded_lines": []}, "Validator._validate_specs": {"executed_lines": [252, 253, 254, 255, 262, 263], "summary": {"covered_lines": 6, "num_statements": 11, "percent_covered": 54.54545454545455, "percent_covered_display": "55", "missing_lines": 5, "excluded_lines": 0}, "missing_lines": [256, 257, 258, 259, 260], "excluded_lines": []}, "Validator._validate_plans": {"executed_lines": [270, 271, 272, 273, 280, 281], "summary": {"covered_lines": 6, "num_statements": 11, "percent_covered": 54.54545454545455, "percent_covered_display": "55", "missing_lines": 5, "excluded_lines": 0}, "missing_lines": [274, 275, 276, 277, 278], "excluded_lines": []}, "Validator._validate_constitution_compliance": {"executed_lines": [288, 290, 291, 295, 297, 298, 301, 309, 310, 311, 317, 323, 324, 325, 326, 328, 329], "summary": {"covered_lines": 17, "num_statements": 19, "percent_covered": 89.47368421052632, "percent_covered_display": "89", "missing_lines": 2, "excluded_lines": 0}, "missing_lines": [312, 334], "excluded_lines": []}, "Validator._load_constitution": {"executed_lines": [], "summary": {"covered_lines": 0, "num_statements": 4, "percent_covered": 0.0, "percent_covered_display": "0", "missing_lines": 4, "excluded_lines": 0}, "missing_lines": [341, 342, 343, 345], "excluded_lines": []}, "Validator._extract_phase_gates": {"executed_lines": [], "summary": {"covered_lines": 0, "num_statements": 8, "percent_covered": 0.0, "percent_covered_display": "0", "missing_lines": 8, "excluded_lines": 0}, "missing_lines": [349, 350, 353, 354, 355, 356, 357, 358], "excluded_lines": []}, "Validator.load_constitution": {"executed_lines": [], "summary": {"covered_lines": 0, "num_statements": 2, "percent_covered": 0.0, "percent_covered_display": "0", "missing_lines": 2, "excluded_lines": 0}, "missing_lines": [362, 363], "excluded_lines": []}, "Validator.validate_task": {"executed_lines": [], "summary": {"covered_lines": 0, "num_statements": 9, "percent_covered": 0.0, "percent_covered_display": "0", "missing_lines": 9, "excluded_lines": 0}, "missing_lines": [405, 406, 408, 409, 412, 413, 415, 416, 418], "excluded_lines": []}, "Validator.validate_constitution_compliance": {"executed_lines": [], "summary": {"covered_lines": 0, "num_statements": 8, "percent_covered": 0.0, "percent_covered_display": "0", "missing_lines": 8, "excluded_lines": 0}, "missing_lines": [422, 424, 425, 428, 429, 431, 432, 434], "excluded_lines": []}, "Validator.check_phase_gate": {"executed_lines": [], "summary": {"covered_lines": 0, "num_statements": 5, "percent_covered": 0.0, "percent_covered_display": "0", "missing_lines": 5, "excluded_lines": 0}, "missing_lines": [439, 440, 441, 442, 443], "excluded_lines": []}, "Validator.validate_all_project": {"executed_lines": [], "summary": {"covered_lines": 0, "num_statements": 14, "percent_covered": 0.0, "percent_covered_display": "0", "missing_lines": 14, "excluded_lines": 0}, "missing_lines": [447, 455, 456, 457, 458, 461, 462, 463, 464, 467, 468, 469, 470, 472], "excluded_lines": []}, "Validator.format_validation_report": {"executed_lines": [], "summary": {"covered_lines": 0, "num_statements": 23, "percent_covered": 0.0, "percent_covered_display": "0", "missing_lines": 23, "excluded_lines": 0}, "missing_lines": [476, 479, 480, 481, 482, 483, 484, 485, 488, 489, 490, 491, 492, 493, 494, 497, 498, 499, 500, 501, 502, 503, 505], "excluded_lines": []}, "": {"executed_lines": [1, 5, 6, 7, 8, 11, 12, 14, 22, 40, 72, 104, 110, 146, 202, 250, 268, 286, 339, 347, 360, 365, 384, 403, 420, 436, 445, 474], "summary": {"covered_lines": 26, "num_statements": 26, "percent_covered": 100.0, "percent_covered_display": "100", "missing_lines": 0, "excluded_lines": 0}, "missing_lines": [], "excluded_lines": []}}, "classes": {"Validator": {"executed_lines": [15, 16, 17, 19, 24, 27, 30, 33, 36, 38, 112, 120, 121, 122, 123, 128, 134, 135, 136, 141, 252, 253, 254, 255, 262, 263, 270, 271, 272, 273, 280, 281, 288, 290, 291, 295, 297, 298, 301, 309, 310, 311, 317, 323, 324, 325, 326, 328, 329], "summary": {"covered_lines": 49, "num_statements": 234, "percent_covered": 20.94017094017094, "percent_covered_display": "21", "missing_lines": 185, "excluded_lines": 0}, "missing_lines": [20, 43, 45, 46, 47, 51, 53, 54, 55, 56, 58, 64, 65, 66, 67, 68, 70, 75, 77, 78, 79, 83, 85, 86, 87, 88, 90, 96, 97, 98, 99, 100, 102, 106, 107, 108, 148, 149, 151, 154, 160, 161, 162, 163, 165, 166, 168, 169, 170, 171, 172, 177, 182, 188, 189, 190, 191, 192, 197, 204, 205, 207, 210, 216, 217, 218, 219, 221, 222, 224, 225, 226, 227, 228, 233, 238, 244, 245, 256, 257, 258, 259, 260, 274, 275, 276, 277, 278, 312, 334, 341, 342, 343, 345, 349, 350, 353, 354, 355, 356, 357, 358, 362, 363, 367, 368, 370, 371, 374, 375, 376, 377, 379, 380, 382, 386, 387, 389, 390, 393, 394, 395, 396, 398, 399, 401, 405, 406, 408, 409, 412, 413, 415, 416, 418, 422, 424, 425, 428, 429, 431, 432, 434, 439, 440, 441, 442, 443, 447, 455, 456, 457, 458, 461, 462, 463, 464, 467, 468, 469, 470, 472, 476, 479, 480, 481, 482, 483, 484, 485, 488, 489, 490, 491, 492, 493, 494, 497, 498, 499, 500, 501, 502, 503, 505], "excluded_lines": []}, "": {"executed_lines": [1, 5, 6, 7, 8, 11, 12, 14, 22, 40, 72, 104, 110, 146, 202, 250, 268, 286, 339, 347, 360, 365, 384, 403, 420, 436, 445, 474], "summary": {"covered_lines": 26, "num_statements": 26, "percent_covered": 100.0, "percent_covered_display": "100", "missing_lines": 0, "excluded_lines": 0}, "missing_lines": [], "excluded_lines": []}}}, "specpulse\\utils\\console.py": {"executed_lines": [1, 5, 6, 7, 8, 9, 10, 11, 12, 13, 14, 15, 16, 17, 18, 19, 20, 21, 22, 23, 26, 27, 30, 46, 55, 56, 57, 59, 60, 61, 62, 64, 66, 67, 69, 70, 72, 73, 74, 75, 77, 78, 80, 82, 84, 86, 88, 90, 92, 94, 96, 98, 104, 105, 106, 108, 110, 111, 112, 114, 116, 119, 121, 122, 123, 124, 125, 126, 127, 128, 129, 130, 132, 135, 136, 138, 145, 147, 153, 155, 161, 164, 173, 174, 177, 178, 179, 181, 183, 185, 186, 187, 189, 191, 192, 195, 200, 202, 209, 211, 212, 218, 220, 222, 223, 224, 226, 228, 229, 230, 232, 234, 235, 236, 244, 252, 254, 255, 257, 258, 259, 266, 269, 271, 273, 275, 276, 277, 278, 280, 282, 284, 286, 287, 288, 289, 290, 292, 300, 305, 307, 311, 312, 314, 315, 316, 318, 320, 322, 324, 325, 326, 327, 329, 330, 332], "summary": {"covered_lines": 154, "num_statements": 175, "percent_covered": 88.0, "percent_covered_display": "88", "missing_lines": 21, "excluded_lines": 0}, "missing_lines": [113, 140, 141, 142, 143, 193, 194, 196, 197, 198, 204, 205, 207, 294, 295, 296, 297, 298, 302, 303, 308], "excluded_lines": [], "functions": {"Console.__init__": {"executed_lines": [60, 61, 62], "summary": {"covered_lines": 3, "num_statements": 3, "percent_covered": 100.0, "percent_covered_display": "100", "missing_lines": 0, "excluded_lines": 0}, "missing_lines": [], "excluded_lines": []}, "Console.show_banner": {"executed_lines": [66, 67, 69, 70, 72, 73, 74, 75, 77, 78], "summary": {"covered_lines": 10, "num_statements": 10, "percent_covered": 100.0, "percent_covered_display": "100", "missing_lines": 0, "excluded_lines": 0}, "missing_lines": [], "excluded_lines": []}, "Console.info": {"executed_lines": [82], "summary": {"covered_lines": 1, "num_statements": 1, "percent_covered": 100.0, "percent_covered_display": "100", "missing_lines": 0, "excluded_lines": 0}, "missing_lines": [], "excluded_lines": []}, "Console.success": {"executed_lines": [86], "summary": {"covered_lines": 1, "num_statements": 1, "percent_covered": 100.0, "percent_covered_display": "100", "missing_lines": 0, "excluded_lines": 0}, "missing_lines": [], "excluded_lines": []}, "Console.warning": {"executed_lines": [90], "summary": {"covered_lines": 1, "num_statements": 1, "percent_covered": 100.0, "percent_covered_display": "100", "missing_lines": 0, "excluded_lines": 0}, "missing_lines": [], "excluded_lines": []}, "Console.error": {"executed_lines": [94], "summary": {"covered_lines": 1, "num_statements": 1, "percent_covered": 100.0, "percent_covered_display": "100", "missing_lines": 0, "excluded_lines": 0}, "missing_lines": [], "excluded_lines": []}, "Console.header": {"executed_lines": [98, 104, 105, 106], "summary": {"covered_lines": 4, "num_statements": 4, "percent_covered": 100.0, "percent_covered_display": "100", "missing_lines": 0, "excluded_lines": 0}, "missing_lines": [], "excluded_lines": []}, "Console.section": {"executed_lines": [110, 111, 112, 114], "summary": {"covered_lines": 4, "num_statements": 5, "percent_covered": 80.0, "percent_covered_display": "80", "missing_lines": 1, "excluded_lines": 0}, "missing_lines": [113], "excluded_lines": []}, "Console.progress_bar": {"executed_lines": [119, 121, 122, 124, 126, 128, 130], "summary": {"covered_lines": 7, "num_statements": 7, "percent_covered": 100.0, "percent_covered_display": "100", "missing_lines": 0, "excluded_lines": 0}, "missing_lines": [], "excluded_lines": []}, "Console.progress_bar.DummyProgress.__enter__": {"executed_lines": [123], "summary": {"covered_lines": 1, "num_statements": 1, "percent_covered": 100.0, "percent_covered_display": "100", "missing_lines": 0, "excluded_lines": 0}, "missing_lines": [], "excluded_lines": []}, "Console.progress_bar.DummyProgress.__exit__": {"executed_lines": [125], "summary": {"covered_lines": 1, "num_statements": 1, "percent_covered": 100.0, "percent_covered_display": "100", "missing_lines": 0, "excluded_lines": 0}, "missing_lines": [], "excluded_lines": []}, "Console.progress_bar.DummyProgress.add_task": {"executed_lines": [127], "summary": {"covered_lines": 1, "num_statements": 1, "percent_covered": 100.0, "percent_covered_display": "100", "missing_lines": 0, "excluded_lines": 0}, "missing_lines": [], "excluded_lines": []}, "Console.progress_bar.DummyProgress.update": {"executed_lines": [129], "summary": {"covered_lines": 1, "num_statements": 1, "percent_covered": 100.0, "percent_covered_display": "100", "missing_lines": 0, "excluded_lines": 0}, "missing_lines": [], "excluded_lines": []}, "Console.spinner": {"executed_lines": [135, 136], "summary": {"covered_lines": 2, "num_statements": 2, "percent_covered": 100.0, "percent_covered_display": "100", "missing_lines": 0, "excluded_lines": 0}, "missing_lines": [], "excluded_lines": []}, "Console.animated_text": {"executed_lines": [], "summary": {"covered_lines": 0, "num_statements": 4, "percent_covered": 0.0, "percent_covered_display": "0", "missing_lines": 4, "excluded_lines": 0}, "missing_lines": [140, 141, 142, 143], "excluded_lines": []}, "Console.prompt": {"executed_lines": [147], "summary": {"covered_lines": 1, "num_statements": 1, "percent_covered": 100.0, "percent_covered_display": "100", "missing_lines": 0, "excluded_lines": 0}, "missing_lines": [], "excluded_lines": []}, "Console.confirm": {"executed_lines": [155], "summary": {"covered_lines": 1, "num_statements": 1, "percent_covered": 100.0, "percent_covered_display": "100", "missing_lines": 0, "excluded_lines": 0}, "missing_lines": [], "excluded_lines": []}, "Console.table": {"executed_lines": [164, 173, 174, 177, 178, 179, 181], "summary": {"covered_lines": 7, "num_statements": 7, "percent_covered": 100.0, "percent_covered_display": "100", "missing_lines": 0, "excluded_lines": 0}, "missing_lines": [], "excluded_lines": []}, "Console.tree": {"executed_lines": [185, 186, 187], "summary": {"covered_lines": 3, "num_statements": 3, "percent_covered": 100.0, "percent_covered_display": "100", "missing_lines": 0, "excluded_lines": 0}, "missing_lines": [], "excluded_lines": []}, "Console._build_tree": {"executed_lines": [191, 192, 195, 200], "summary": {"covered_lines": 4, "num_statements": 9, "percent_covered": 44.44444444444444, "percent_covered_display": "44", "missing_lines": 5, "excluded_lines": 0}, "missing_lines": [193, 194, 196, 197, 198], "excluded_lines": []}, "Console.code_block": {"executed_lines": [], "summary": {"covered_lines": 0, "num_statements": 3, "percent_covered": 0.0, "percent_covered_display": "0", "missing_lines": 3, "excluded_lines": 0}, "missing_lines": [204, 205, 207], "excluded_lines": []}, "Console.status_panel": {"executed_lines": [211, 212, 218], "summary": {"covered_lines": 3, "num_statements": 3, "percent_covered": 100.0, "percent_covered_display": "100", "missing_lines": 0, "excluded_lines": 0}, "missing_lines": [], "excluded_lines": []}, "Console.validation_results": {"executed_lines": [222, 223, 224, 226, 228, 229, 230, 232, 234, 235, 236, 244], "summary": {"covered_lines": 12, "num_statements": 12, "percent_covered": 100.0, "percent_covered_display": "100", "missing_lines": 0, "excluded_lines": 0}, "missing_lines": [], "excluded_lines": []}, "Console.feature_showcase": {"executed_lines": [254, 255, 257, 258, 259, 266, 269], "summary": {"covered_lines": 7, "num_statements": 7, "percent_covered": 100.0, "percent_covered_display": "100", "missing_lines": 0, "excluded_lines": 0}, "missing_lines": [], "excluded_lines": []}, "Console.animated_success": {"executed_lines": [273, 275, 276, 277, 278, 280], "summary": {"covered_lines": 6, "num_statements": 6, "percent_covered": 100.0, "percent_covered_display": "100", "missing_lines": 0, "excluded_lines": 0}, "missing_lines": [], "excluded_lines": []}, "Console.pulse_animation": {"executed_lines": [284, 286, 287, 288, 289, 290], "summary": {"covered_lines": 6, "num_statements": 6, "percent_covered": 100.0, "percent_covered_display": "100", "missing_lines": 0, "excluded_lines": 0}, "missing_lines": [], "excluded_lines": []}, "Console.rocket_launch": {"executed_lines": [], "summary": {"covered_lines": 0, "num_statements": 5, "percent_covered": 0.0, "percent_covered_display": "0", "missing_lines": 5, "excluded_lines": 0}, "missing_lines": [294, 295, 296, 297, 298], "excluded_lines": []}, "Console.divider": {"executed_lines": [], "summary": {"covered_lines": 0, "num_statements": 2, "percent_covered": 0.0, "percent_covered_display": "0", "missing_lines": 2, "excluded_lines": 0}, "missing_lines": [302, 303], "excluded_lines": []}, "Console.gradient_text": {"executed_lines": [307, 311, 312, 314, 315, 316, 318], "summary": {"covered_lines": 7, "num_statements": 8, "percent_covered": 87.5, "percent_covered_display": "88", "missing_lines": 1, "excluded_lines": 0}, "missing_lines": [308], "excluded_lines": []}, "Console.celebration": {"executed_lines": [322, 324, 325, 326, 327, 329, 330, 332], "summary": {"covered_lines": 8, "num_statements": 8, "percent_covered": 100.0, "percent_covered_display": "100", "missing_lines": 0, "excluded_lines": 0}, "missing_lines": [], "excluded_lines": []}, "": {"executed_lines": [1, 5, 6, 7, 8, 9, 10, 11, 12, 13, 14, 15, 16, 17, 18, 19, 20, 21, 22, 23, 26, 27, 30, 46, 55, 56, 57, 59, 64, 80, 84, 88, 92, 96, 108, 116, 132, 138, 145, 153, 161, 183, 189, 202, 209, 220, 252, 271, 282, 292, 300, 305, 320], "summary": {"covered_lines": 51, "num_statements": 51, "percent_covered": 100.0, "percent_covered_display": "100", "missing_lines": 0, "excluded_lines": 0}, "missing_lines": [], "excluded_lines": []}}, "classes": {"Console": {"executed_lines": [60, 61, 62, 66, 67, 69, 70, 72, 73, 74, 75, 77, 78, 82, 86, 90, 94, 98, 104, 105, 106, 110, 111, 112, 114, 119, 121, 122, 124, 126, 128, 130, 135, 136, 147, 155, 164, 173, 174, 177, 178, 179, 181, 185, 186, 187, 191, 192, 195, 200, 211, 212, 218, 222, 223, 224, 226, 228, 229, 230, 232, 234, 235, 236, 244, 254, 255, 257, 258, 259, 266, 269, 273, 275, 276, 277, 278, 280, 284, 286, 287, 288, 289, 290, 307, 311, 312, 314, 315, 316, 318, 322, 324, 325, 326, 327, 329, 330, 332], "summary": {"covered_lines": 99, "num_statements": 120, "percent_covered": 82.5, "percent_covered_display": "82", "missing_lines": 21, "excluded_lines": 0}, "missing_lines": [113, 140, 141, 142, 143, 193, 194, 196, 197, 198, 204, 205, 207, 294, 295, 296, 297, 298, 302, 303, 308], "excluded_lines": []}, "Console.progress_bar.DummyProgress": {"executed_lines": [123, 125, 127, 129], "summary": {"covered_lines": 4, "num_statements": 4, "percent_covered": 100.0, "percent_covered_display": "100", "missing_lines": 0, "excluded_lines": 0}, "missing_lines": [], "excluded_lines": []}, "": {"executed_lines": [1, 5, 6, 7, 8, 9, 10, 11, 12, 13, 14, 15, 16, 17, 18, 19, 20, 21, 22, 23, 26, 27, 30, 46, 55, 56, 57, 59, 64, 80, 84, 88, 92, 96, 108, 116, 132, 138, 145, 153, 161, 183, 189, 202, 209, 220, 252, 271, 282, 292, 300, 305, 320], "summary": {"covered_lines": 51, "num_statements": 51, "percent_covered": 100.0, "percent_covered_display": "100", "missing_lines": 0, "excluded_lines": 0}, "missing_lines": [], "excluded_lines": []}}}, "specpulse\\utils\\git_utils.py": {"executed_lines": [1, 5, 6, 7, 10, 11, 13, 14, 16, 18, 19, 26, 27, 28, 32, 34, 35, 37, 39, 40, 41, 43, 45, 46, 48, 50, 51, 53, 55, 56, 58, 60, 61, 63, 78, 80, 81, 84, 86, 88, 89, 91, 93, 94, 96, 98, 99, 101, 103, 108, 109, 110, 112, 120, 128, 133, 144, 153, 162, 173], "summary": {"covered_lines": 58, "num_statements": 109, "percent_covered": 53.211009174311926, "percent_covered_display": "53", "missing_lines": 51, "excluded_lines": 0}, "missing_lines": [29, 30, 65, 66, 67, 68, 69, 70, 72, 73, 74, 75, 76, 83, 114, 115, 117, 118, 122, 123, 125, 126, 130, 131, 135, 136, 137, 138, 139, 141, 142, 146, 147, 148, 150, 151, 155, 156, 157, 159, 160, 164, 165, 166, 168, 170, 171, 175, 176, 177, 178], "excluded_lines": [], "functions": {"GitUtils.__init__": {"executed_lines": [14], "summary": {"covered_lines": 1, "num_statements": 1, "percent_covered": 100.0, "percent_covered_display": "100", "missing_lines": 0, "excluded_lines": 0}, "missing_lines": [], "excluded_lines": []}, "GitUtils._run_git_command": {"executed_lines": [18, 19, 26, 27, 28], "summary": {"covered_lines": 5, "num_statements": 7, "percent_covered": 71.42857142857143, "percent_covered_display": "71", "missing_lines": 2, "excluded_lines": 0}, "missing_lines": [29, 30], "excluded_lines": []}, "GitUtils.check_git_installed": {"executed_lines": [34, 35], "summary": {"covered_lines": 2, "num_statements": 2, "percent_covered": 100.0, "percent_covered_display": "100", "missing_lines": 0, "excluded_lines": 0}, "missing_lines": [], "excluded_lines": []}, "GitUtils.is_git_repo": {"executed_lines": [39, 40, 41], "summary": {"covered_lines": 3, "num_statements": 3, "percent_covered": 100.0, "percent_covered_display": "100", "missing_lines": 0, "excluded_lines": 0}, "missing_lines": [], "excluded_lines": []}, "GitUtils.init_repo": {"executed_lines": [45, 46], "summary": {"covered_lines": 2, "num_statements": 2, "percent_covered": 100.0, "percent_covered_display": "100", "missing_lines": 0, "excluded_lines": 0}, "missing_lines": [], "excluded_lines": []}, "GitUtils.get_current_branch": {"executed_lines": [50, 51], "summary": {"covered_lines": 2, "num_statements": 2, "percent_covered": 100.0, "percent_covered_display": "100", "missing_lines": 0, "excluded_lines": 0}, "missing_lines": [], "excluded_lines": []}, "GitUtils.create_branch": {"executed_lines": [55, 56], "summary": {"covered_lines": 2, "num_statements": 2, "percent_covered": 100.0, "percent_covered_display": "100", "missing_lines": 0, "excluded_lines": 0}, "missing_lines": [], "excluded_lines": []}, "GitUtils.checkout_branch": {"executed_lines": [60, 61], "summary": {"covered_lines": 2, "num_statements": 2, "percent_covered": 100.0, "percent_covered_display": "100", "missing_lines": 0, "excluded_lines": 0}, "missing_lines": [], "excluded_lines": []}, "GitUtils.get_branches": {"executed_lines": [], "summary": {"covered_lines": 0, "num_statements": 11, "percent_covered": 0.0, "percent_covered_display": "0", "missing_lines": 11, "excluded_lines": 0}, "missing_lines": [65, 66, 67, 68, 69, 70, 72, 73, 74, 75, 76], "excluded_lines": []}, "GitUtils.add_files": {"executed_lines": [80, 81, 84], "summary": {"covered_lines": 3, "num_statements": 4, "percent_covered": 75.0, "percent_covered_display": "75", "missing_lines": 1, "excluded_lines": 0}, "missing_lines": [83], "excluded_lines": []}, "GitUtils.commit": {"executed_lines": [88, 89], "summary": {"covered_lines": 2, "num_statements": 2, "percent_covered": 100.0, "percent_covered_display": "100", "missing_lines": 0, "excluded_lines": 0}, "missing_lines": [], "excluded_lines": []}, "GitUtils.get_status": {"executed_lines": [93, 94], "summary": {"covered_lines": 2, "num_statements": 2, "percent_covered": 100.0, "percent_covered_display": "100", "missing_lines": 0, "excluded_lines": 0}, "missing_lines": [], "excluded_lines": []}, "GitUtils.has_changes": {"executed_lines": [98, 99], "summary": {"covered_lines": 2, "num_statements": 2, "percent_covered": 100.0, "percent_covered_display": "100", "missing_lines": 0, "excluded_lines": 0}, "missing_lines": [], "excluded_lines": []}, "GitUtils.get_log": {"executed_lines": [103, 108, 109, 110], "summary": {"covered_lines": 4, "num_statements": 4, "percent_covered": 100.0, "percent_covered_display": "100", "missing_lines": 0, "excluded_lines": 0}, "missing_lines": [], "excluded_lines": []}, "GitUtils.stash_changes": {"executed_lines": [], "summary": {"covered_lines": 0, "num_statements": 4, "percent_covered": 0.0, "percent_covered_display": "0", "missing_lines": 4, "excluded_lines": 0}, "missing_lines": [114, 115, 117, 118], "excluded_lines": []}, "GitUtils.apply_stash": {"executed_lines": [], "summary": {"covered_lines": 0, "num_statements": 4, "percent_covered": 0.0, "percent_covered_display": "0", "missing_lines": 4, "excluded_lines": 0}, "missing_lines": [122, 123, 125, 126], "excluded_lines": []}, "GitUtils.get_remote_url": {"executed_lines": [], "summary": {"covered_lines": 0, "num_statements": 2, "percent_covered": 0.0, "percent_covered_display": "0", "missing_lines": 2, "excluded_lines": 0}, "missing_lines": [130, 131], "excluded_lines": []}, "GitUtils.push": {"executed_lines": [], "summary": {"covered_lines": 0, "num_statements": 7, "percent_covered": 0.0, "percent_covered_display": "0", "missing_lines": 7, "excluded_lines": 0}, "missing_lines": [135, 136, 137, 138, 139, 141, 142], "excluded_lines": []}, "GitUtils.pull": {"executed_lines": [], "summary": {"covered_lines": 0, "num_statements": 5, "percent_covered": 0.0, "percent_covered_display": "0", "missing_lines": 5, "excluded_lines": 0}, "missing_lines": [146, 147, 148, 150, 151], "excluded_lines": []}, "GitUtils.get_diff": {"executed_lines": [], "summary": {"covered_lines": 0, "num_statements": 5, "percent_covered": 0.0, "percent_covered_display": "0", "missing_lines": 5, "excluded_lines": 0}, "missing_lines": [155, 156, 157, 159, 160], "excluded_lines": []}, "GitUtils.tag": {"executed_lines": [], "summary": {"covered_lines": 0, "num_statements": 6, "percent_covered": 0.0, "percent_covered_display": "0", "missing_lines": 6, "excluded_lines": 0}, "missing_lines": [164, 165, 166, 168, 170, 171], "excluded_lines": []}, "GitUtils.get_tags": {"executed_lines": [], "summary": {"covered_lines": 0, "num_statements": 4, "percent_covered": 0.0, "percent_covered_display": "0", "missing_lines": 4, "excluded_lines": 0}, "missing_lines": [175, 176, 177, 178], "excluded_lines": []}, "": {"executed_lines": [1, 5, 6, 7, 10, 11, 13, 16, 32, 37, 43, 48, 53, 58, 63, 78, 86, 91, 96, 101, 112, 120, 128, 133, 144, 153, 162, 173], "summary": {"covered_lines": 26, "num_statements": 26, "percent_covered": 100.0, "percent_covered_display": "100", "missing_lines": 0, "excluded_lines": 0}, "missing_lines": [], "excluded_lines": []}}, "classes": {"GitUtils": {"executed_lines": [14, 18, 19, 26, 27, 28, 34, 35, 39, 40, 41, 45, 46, 50, 51, 55, 56, 60, 61, 80, 81, 84, 88, 89, 93, 94, 98, 99, 103, 108, 109, 110], "summary": {"covered_lines": 32, "num_statements": 83, "percent_covered": 38.55421686746988, "percent_covered_display": "39", "missing_lines": 51, "excluded_lines": 0}, "missing_lines": [29, 30, 65, 66, 67, 68, 69, 70, 72, 73, 74, 75, 76, 83, 114, 115, 117, 118, 122, 123, 125, 126, 130, 131, 135, 136, 137, 138, 139, 141, 142, 146, 147, 148, 150, 151, 155, 156, 157, 159, 160, 164, 165, 166, 168, 170, 171, 175, 176, 177, 178], "excluded_lines": []}, "": {"executed_lines": [1, 5, 6, 7, 10, 11, 13, 16, 32, 37, 43, 48, 53, 58, 63, 78, 86, 91, 96, 101, 112, 120, 128, 133, 144, 153, 162, 173], "summary": {"covered_lines": 26, "num_statements": 26, "percent_covered": 100.0, "percent_covered_display": "100", "missing_lines": 0, "excluded_lines": 0}, "missing_lines": [], "excluded_lines": []}}}}, "totals": {"covered_lines": 575, "num_statements": 1077, "percent_covered": 53.38904363974002, "percent_covered_display": "53", "missing_lines": 502, "excluded_lines": 2}}